<?xml version="1.0" encoding="utf-8"?><testsuites name="pytest tests"><testsuite name="pytest" errors="1" failures="0" skipped="1" tests="15" time="6.363" timestamp="2026-06-13T22:05:52.788596+00:00" hostname="agent-env-e9e4f1d0-ff03-4c45-a238-27c151581311"><testcase classname="backend.tests.test_pdf_manager" name="test_create_workspace_pdf" time="0.669" /><testcase classname="backend.tests.test_pdf_manager" name="test_create_workspace_rejects_txt" time="0.112" /><testcase classname="backend.tests.test_pdf_manager" name="test_create_workspace_rejects_oversize" time="0.881" /><testcase classname="backend.tests.test_pdf_manager" name="test_render_page_png" time="0.370" /><testcase classname="backend.tests.test_pdf_manager" name="test_add_text" time="0.302" /><testcase classname="backend.tests.test_pdf_manager" name="test_whiteout" time="0.312" /><testcase classname="backend.tests.test_pdf_manager" name="test_add_image" time="0.361" /><testcase classname="backend.tests.test_pdf_manager" name="test_page_ops_rotate_insert_delete_reorder" time="0.624" /><testcase classname="backend.tests.test_pdf_manager" name="test_merge" time="0.305" /><testcase classname="backend.tests.test_pdf_manager" name="test_split_returns_zip" time="0.310" /><testcase classname="backend.tests.test_pdf_manager" name="test_download" time="0.299" /><testcase classname="backend.tests.test_pdf_manager" name="test_save_to_documents_creates_envelope" time="0.509" /><testcase classname="backend.tests.test_pdf_manager" name="test_delete_workspace" time="0.314" /><testcase classname="backend.tests.test_pdf_manager" name="test_rbac_other_user_cannot_access" time="0.637"><error message="failed on setup with &quot;assert 403 == 200&#10; +  where 403 = &lt;Response [403]&gt;.status_code&quot;">backend/tests/test_pdf_manager.py:33: in other_user_token
    assert r.status_code == 200
E   assert 403 == 200
E    +  where 403 = &lt;Response [403]&gt;.status_code</error></testcase><testcase classname="backend.tests.test_pdf_manager" name="test_docx_conversion" time="0.093"><skipped type="pytest.skip" message="DOCX conversion path returned 500: Internal Server Error">/app/backend/tests/test_pdf_manager.py:237: DOCX conversion path returned 500: Internal Server Error</skipped></testcase></testsuite></testsuites>