<?xml version="1.0" encoding="utf-8"?><testsuites name="pytest tests"><testsuite name="pytest" errors="0" failures="0" skipped="0" tests="12" time="3.663" timestamp="2026-06-13T21:29:15.636154+00:00" hostname="agent-env-e9e4f1d0-ff03-4c45-a238-27c151581311"><testcase classname="backend.tests.test_avatar_and_features.TestAuthRegression" name="test_user_login" time="0.475" /><testcase classname="backend.tests.test_avatar_and_features.TestAuthRegression" name="test_admin_login" time="0.335" /><testcase classname="backend.tests.test_avatar_and_features.TestAuthRegression" name="test_me_with_bearer" time="0.439" /><testcase classname="backend.tests.test_avatar_and_features.TestAuthRegression" name="test_me_requires_auth" time="0.108" /><testcase classname="backend.tests.test_avatar_and_features.TestAvatar" name="test_upload_requires_auth" time="0.095" /><testcase classname="backend.tests.test_avatar_and_features.TestAvatar" name="test_upload_rejects_non_image" time="0.105" /><testcase classname="backend.tests.test_avatar_and_features.TestAvatar" name="test_upload_rejects_oversized" time="0.464" /><testcase classname="backend.tests.test_avatar_and_features.TestAvatar" name="test_upload_and_fetch_and_delete_flow" time="0.557" /><testcase classname="backend.tests.test_avatar_and_features.TestPublicLists" name="test_blog_listing" time="0.188" /><testcase classname="backend.tests.test_avatar_and_features.TestPublicLists" name="test_careers_listing" time="0.189" /><testcase classname="backend.tests.test_avatar_and_features.TestRBAC" name="test_admin_can_list_users" time="0.426" /><testcase classname="backend.tests.test_avatar_and_features.TestRBAC" name="test_user_cannot_access_admin" time="0.106" /></testsuite></testsuites>